f:\vs project\string\string\debug\vc140.pdb
f:\vs project\string\string\debug\vc140.idb
f:\vs project\string\string\debug\main.obj
f:\vs project\string\debug\string.pdb
f:\vs project\string\string\debug\string.tlog\cl.command.1.tlog
f:\vs project\string\string\debug\string.tlog\cl.read.1.tlog
f:\vs project\string\string\debug\string.tlog\cl.write.1.tlog
f:\vs project\string\string\debug\string.tlog\link-cvtres.read.1.tlog
f:\vs project\string\string\debug\string.tlog\link-cvtres.write.1.tlog
f:\vs project\string\string\debug\string.tlog\link-rc.read.1.tlog
f:\vs project\string\string\debug\string.tlog\link-rc.write.1.tlog
f:\vs project\string\string\debug\string.tlog\link.9348-cvtres.read.1.tlog
f:\vs project\string\string\debug\string.tlog\link.9348-cvtres.write.1.tlog
f:\vs project\string\string\debug\string.tlog\link.9348-rc.read.1.tlog
f:\vs project\string\string\debug\string.tlog\link.9348-rc.write.1.tlog
f:\vs project\string\string\debug\string.tlog\link.9348.read.1.tlog
f:\vs project\string\string\debug\string.tlog\link.9348.write.1.tlog
f:\vs project\string\string\debug\string.tlog\link.command.1.tlog
f:\vs project\string\string\debug\string.tlog\link.read.1.tlog
f:\vs project\string\string\debug\string.tlog\link.write.1.tlog
